c:\users\family\documents\lag-engine\engine_project\temp\x64\debug\vc141.pdb
c:\users\family\documents\lag-engine\engine_project\temp\x64\debug\vc141.idb
c:\users\family\documents\lag-engine\engine_project\temp\x64\debug\_interface.obj
c:\users\family\documents\lag-engine\engine_project\temp\x64\debug\rendersystem.obj
c:\users\family\documents\lag-engine\engine_project\temp\x64\debug\keyboardevent.obj
c:\users\family\documents\lag-engine\engine_project\temp\x64\debug\input.obj
c:\users\family\documents\lag-engine\engine_project\temp\x64\debug\mouseevent.obj
c:\users\family\documents\lag-engine\engine_project\temp\x64\debug\dispatcher.obj
c:\users\family\documents\lag-engine\engine_project\temp\x64\debug\visualeffects.obj
c:\users\family\documents\lag-engine\engine_project\temp\x64\debug\renderercomponent.obj
c:\users\family\documents\lag-engine\engine_project\temp\x64\debug\physicscomponent.obj
c:\users\family\documents\lag-engine\engine_project\temp\x64\debug\networkingcomponent.obj
c:\users\family\documents\lag-engine\engine_project\temp\x64\debug\frontend.obj
c:\users\family\documents\lag-engine\engine_project\temp\x64\debug\collisionscomponent.obj
c:\users\family\documents\lag-engine\engine_project\temp\x64\debug\audiocomponent.obj
c:\users\family\documents\lag-engine\engine_project\temp\x64\debug\animationcomponent.obj
c:\users\family\documents\lag-engine\engine_project\temp\x64\debug\specialabilitycomponent.obj
c:\users\family\documents\lag-engine\engine_project\temp\x64\debug\initialization.obj
c:\users\family\documents\lag-engine\engine_project\temp\x64\debug\main.obj
c:\users\family\documents\lag-engine\engine_project\game\x64\debug\lag_engine-x64-debug.ilk
c:\users\family\documents\lag-engine\engine_project\game\x64\debug\lag_engine-x64-debug.exe
c:\users\family\documents\lag-engine\engine_project\game\x64\debug\lag_engine-x64-debug.pdb
c:\users\family\documents\lag-engine\engine_project\source\lag_engine\../../game/x64/debug\lag_engine-x64-debug.pdb
c:\users\family\documents\lag-engine\engine_project\source\lag_engine\../../game/x64/debug\lag_engine-x64-debug.exe
c:\users\family\documents\lag-engine\engine_project\source\lag_engine\../../game/x64/debug\lag_engine-x64-debug.ilk
c:\users\family\documents\lag-engine\engine_project\temp\x64\debug\lag_engine.tlog\cl.command.1.tlog
c:\users\family\documents\lag-engine\engine_project\temp\x64\debug\lag_engine.tlog\cl.read.1.tlog
c:\users\family\documents\lag-engine\engine_project\temp\x64\debug\lag_engine.tlog\cl.write.1.tlog
c:\users\family\documents\lag-engine\engine_project\temp\x64\debug\lag_engine.tlog\link.command.1.tlog
c:\users\family\documents\lag-engine\engine_project\temp\x64\debug\lag_engine.tlog\link.read.1.tlog
c:\users\family\documents\lag-engine\engine_project\temp\x64\debug\lag_engine.tlog\link.write.1.tlog
