c:\users\family\documents\lag-engine\engine_project\temp\win32\debug\vc141.pdb
c:\users\family\documents\lag-engine\engine_project\temp\win32\debug\vc141.idb
c:\users\family\documents\lag-engine\engine_project\temp\win32\debug\_interface.obj
c:\users\family\documents\lag-engine\engine_project\temp\win32\debug\rendersystem.obj
c:\users\family\documents\lag-engine\engine_project\temp\win32\debug\keyboardevent.obj
c:\users\family\documents\lag-engine\engine_project\temp\win32\debug\input.obj
c:\users\family\documents\lag-engine\engine_project\temp\win32\debug\initialization.obj
c:\users\family\documents\lag-engine\engine_project\temp\win32\debug\mouseevent.obj
c:\users\family\documents\lag-engine\engine_project\temp\win32\debug\dispatcher.obj
c:\users\family\documents\lag-engine\engine_project\temp\win32\debug\main.obj
c:\users\family\documents\lag-engine\engine_project\temp\win32\debug\visualeffects.obj
c:\users\family\documents\lag-engine\engine_project\temp\win32\debug\renderercomponent.obj
c:\users\family\documents\lag-engine\engine_project\temp\win32\debug\physicscomponent.obj
c:\users\family\documents\lag-engine\engine_project\temp\win32\debug\networkingcomponent.obj
c:\users\family\documents\lag-engine\engine_project\temp\win32\debug\frontend.obj
c:\users\family\documents\lag-engine\engine_project\temp\win32\debug\collisionscomponent.obj
c:\users\family\documents\lag-engine\engine_project\temp\win32\debug\audiocomponent.obj
c:\users\family\documents\lag-engine\engine_project\temp\win32\debug\animationcomponent.obj
c:\users\family\documents\lag-engine\engine_project\temp\win32\debug\specialabilitycomponent.obj
c:\users\family\documents\lag-engine\engine_project\source\lag_engine\../../game/win32/debug\lag_engine-win32-debug.pdb
c:\users\family\documents\lag-engine\engine_project\temp\win32\debug\lag_engine.tlog\cl.command.1.tlog
c:\users\family\documents\lag-engine\engine_project\temp\win32\debug\lag_engine.tlog\cl.read.1.tlog
c:\users\family\documents\lag-engine\engine_project\temp\win32\debug\lag_engine.tlog\cl.write.1.tlog
c:\users\family\documents\lag-engine\engine_project\temp\win32\debug\lag_engine.tlog\link-cvtres.read.1.tlog
c:\users\family\documents\lag-engine\engine_project\temp\win32\debug\lag_engine.tlog\link-cvtres.write.1.tlog
c:\users\family\documents\lag-engine\engine_project\temp\win32\debug\lag_engine.tlog\link-rc.read.1.tlog
c:\users\family\documents\lag-engine\engine_project\temp\win32\debug\lag_engine.tlog\link-rc.write.1.tlog
c:\users\family\documents\lag-engine\engine_project\temp\win32\debug\lag_engine.tlog\link.command.1.tlog
c:\users\family\documents\lag-engine\engine_project\temp\win32\debug\lag_engine.tlog\link.read.1.tlog
c:\users\family\documents\lag-engine\engine_project\temp\win32\debug\lag_engine.tlog\link.write.1.tlog
