C:\Program Files (x86)\Microsoft Visual Studio\2017\Enterprise\Common7\IDE\VC\VCTargets\Microsoft.CppBuild.targets(376,5): warning MSB8004: Intermediate Directory does not end with a trailing slash.  This build instance will add the slash as it is required to allow proper evaluation of the Intermediate Directory.
C:\Program Files (x86)\Microsoft Visual Studio\2017\Enterprise\Common7\IDE\VC\VCTargets\Microsoft.CppBuild.targets(377,5): warning MSB8004: Output Directory does not end with a trailing slash.  This build instance will add the slash as it is required to allow proper evaluation of the Output Directory.
  main.cpp
  Initialization.cpp
c:\users\lucianz\desktop\lag-engine\engine_project\source\lag_engine\lag_engine\initialization.cpp(18): error C2664: 'LSTATUS RegOpenKeyExW(HKEY,LPCWSTR,DWORD,REGSAM,PHKEY)': cannot convert argument 2 from 'const char [47]' to 'LPCWSTR'
  c:\users\lucianz\desktop\lag-engine\engine_project\source\lag_engine\lag_engine\initialization.cpp(20): note: Types pointed to are unrelated; conversion requires reinterpret_cast, C-style cast or function-style cast
c:\users\lucianz\desktop\lag-engine\engine_project\source\lag_engine\lag_engine\initialization.cpp(24): error C2664: 'LSTATUS RegQueryValueExW(HKEY,LPCWSTR,LPDWORD,LPDWORD,LPBYTE,LPDWORD)': cannot convert argument 2 from 'const char [20]' to 'LPCWSTR'
  c:\users\lucianz\desktop\lag-engine\engine_project\source\lag_engine\lag_engine\initialization.cpp(24): note: Types pointed to are unrelated; conversion requires reinterpret_cast, C-style cast or function-style cast
c:\users\lucianz\desktop\lag-engine\engine_project\source\lag_engine\lag_engine\initialization.cpp(35): error C2664: 'LSTATUS RegOpenKeyExW(HKEY,LPCWSTR,DWORD,REGSAM,PHKEY)': cannot convert argument 2 from 'const char [47]' to 'LPCWSTR'
  c:\users\lucianz\desktop\lag-engine\engine_project\source\lag_engine\lag_engine\initialization.cpp(37): note: Types pointed to are unrelated; conversion requires reinterpret_cast, C-style cast or function-style cast
c:\users\lucianz\desktop\lag-engine\engine_project\source\lag_engine\lag_engine\initialization.cpp(42): error C2664: 'LSTATUS RegQueryValueExW(HKEY,LPCWSTR,LPDWORD,LPDWORD,LPBYTE,LPDWORD)': cannot convert argument 2 from 'const char [5]' to 'LPCWSTR'
  c:\users\lucianz\desktop\lag-engine\engine_project\source\lag_engine\lag_engine\initialization.cpp(42): note: Types pointed to are unrelated; conversion requires reinterpret_cast, C-style cast or function-style cast
c:\users\lucianz\desktop\lag-engine\engine_project\source\lag_engine\lag_engine\initialization.cpp(54): error C2664: 'LSTATUS RegOpenKeyExW(HKEY,LPCWSTR,DWORD,REGSAM,PHKEY)': cannot convert argument 2 from 'const char [47]' to 'LPCWSTR'
  c:\users\lucianz\desktop\lag-engine\engine_project\source\lag_engine\lag_engine\initialization.cpp(56): note: Types pointed to are unrelated; conversion requires reinterpret_cast, C-style cast or function-style cast
c:\users\lucianz\desktop\lag-engine\engine_project\source\lag_engine\lag_engine\initialization.cpp(61): error C2664: 'LSTATUS RegQueryValueExW(HKEY,LPCWSTR,LPDWORD,LPDWORD,LPBYTE,LPDWORD)': cannot convert argument 2 from 'const char [5]' to 'LPCWSTR'
  c:\users\lucianz\desktop\lag-engine\engine_project\source\lag_engine\lag_engine\initialization.cpp(61): note: Types pointed to are unrelated; conversion requires reinterpret_cast, C-style cast or function-style cast
c:\users\lucianz\desktop\lag-engine\engine_project\source\lag_engine\lag_engine\initialization.cpp(73): error C2664: 'LSTATUS RegOpenKeyExW(HKEY,LPCWSTR,DWORD,REGSAM,PHKEY)': cannot convert argument 2 from 'const char [47]' to 'LPCWSTR'
  c:\users\lucianz\desktop\lag-engine\engine_project\source\lag_engine\lag_engine\initialization.cpp(75): note: Types pointed to are unrelated; conversion requires reinterpret_cast, C-style cast or function-style cast
c:\users\lucianz\desktop\lag-engine\engine_project\source\lag_engine\lag_engine\initialization.cpp(80): error C2664: 'LSTATUS RegQueryValueExW(HKEY,LPCWSTR,LPDWORD,LPDWORD,LPBYTE,LPDWORD)': cannot convert argument 2 from 'const char [5]' to 'LPCWSTR'
  c:\users\lucianz\desktop\lag-engine\engine_project\source\lag_engine\lag_engine\initialization.cpp(80): note: Types pointed to are unrelated; conversion requires reinterpret_cast, C-style cast or function-style cast
c:\users\lucianz\desktop\lag-engine\engine_project\source\lag_engine\lag_engine\initialization.cpp(91): error C2664: 'LSTATUS RegOpenKeyExW(HKEY,LPCWSTR,DWORD,REGSAM,PHKEY)': cannot convert argument 2 from 'const char [47]' to 'LPCWSTR'
  c:\users\lucianz\desktop\lag-engine\engine_project\source\lag_engine\lag_engine\initialization.cpp(93): note: Types pointed to are unrelated; conversion requires reinterpret_cast, C-style cast or function-style cast
c:\users\lucianz\desktop\lag-engine\engine_project\source\lag_engine\lag_engine\initialization.cpp(98): error C2664: 'LSTATUS RegQueryValueExW(HKEY,LPCWSTR,LPDWORD,LPDWORD,LPBYTE,LPDWORD)': cannot convert argument 2 from 'const char [20]' to 'LPCWSTR'
  c:\users\lucianz\desktop\lag-engine\engine_project\source\lag_engine\lag_engine\initialization.cpp(98): note: Types pointed to are unrelated; conversion requires reinterpret_cast, C-style cast or function-style cast
c:\users\lucianz\desktop\lag-engine\engine_project\source\lag_engine\lag_engine\initialization.cpp(199): error C2664: 'int MessageBoxW(HWND,LPCWSTR,LPCWSTR,UINT)': cannot convert argument 2 from 'const char [28]' to 'LPCWSTR'
  c:\users\lucianz\desktop\lag-engine\engine_project\source\lag_engine\lag_engine\initialization.cpp(204): note: Types pointed to are unrelated; conversion requires reinterpret_cast, C-style cast or function-style cast
c:\users\lucianz\desktop\lag-engine\engine_project\source\lag_engine\lag_engine\initialization.cpp(217): error C2440: 'initializing': cannot convert from 'const char [5]' to 'const TCHAR *'
  c:\users\lucianz\desktop\lag-engine\engine_project\source\lag_engine\lag_engine\initialization.cpp(217): note: Types pointed to are unrelated; conversion requires reinterpret_cast, C-style cast or function-style cast
c:\users\lucianz\desktop\lag-engine\engine_project\source\lag_engine\lag_engine\initialization.cpp(236): warning C4244: 'argument': conversion from 'double' to 'const Initialization::DWORDLONG', possible loss of data
  _Interface.cpp
c:\users\lucianz\desktop\lag-engine\engine_project\source\lag_engine\lag_engine\_interface.cpp(8): warning C4005: 'WIDTH': macro redefinition
  c:\users\lucianz\desktop\lag-engine\engine_project\source\lag_engine\lag_engine\initialization.h(10): note: see previous definition of 'WIDTH'
c:\users\lucianz\desktop\lag-engine\engine_project\source\lag_engine\lag_engine\_interface.cpp(68): error C2664: 'void ATL::CStringT<wchar_t,ATL::StrTraitATL<wchar_t,ATL::ChTraitsCRT<wchar_t>>>::Format(UINT,...)': cannot convert argument 1 from 'const char [3]' to 'const wchar_t *'
  c:\users\lucianz\desktop\lag-engine\engine_project\source\lag_engine\lag_engine\_interface.cpp(68): note: Types pointed to are unrelated; conversion requires reinterpret_cast, C-style cast or function-style cast
c:\users\lucianz\desktop\lag-engine\engine_project\source\lag_engine\lag_engine\_interface.cpp(73): error C2664: 'void ATL::CStringT<wchar_t,ATL::StrTraitATL<wchar_t,ATL::ChTraitsCRT<wchar_t>>>::Format(UINT,...)': cannot convert argument 1 from 'const char [3]' to 'const wchar_t *'
  c:\users\lucianz\desktop\lag-engine\engine_project\source\lag_engine\lag_engine\_interface.cpp(73): note: Types pointed to are unrelated; conversion requires reinterpret_cast, C-style cast or function-style cast
c:\users\lucianz\desktop\lag-engine\engine_project\source\lag_engine\lag_engine\_interface.cpp(79): error C2664: 'void ATL::CStringT<wchar_t,ATL::StrTraitATL<wchar_t,ATL::ChTraitsCRT<wchar_t>>>::Format(UINT,...)': cannot convert argument 1 from 'const char [3]' to 'const wchar_t *'
  c:\users\lucianz\desktop\lag-engine\engine_project\source\lag_engine\lag_engine\_interface.cpp(79): note: Types pointed to are unrelated; conversion requires reinterpret_cast, C-style cast or function-style cast
c:\users\lucianz\desktop\lag-engine\engine_project\source\lag_engine\lag_engine\_interface.cpp(86): error C2664: 'size_t wcslen(const wchar_t *)': cannot convert argument 1 from 'char *' to 'const wchar_t *'
  c:\users\lucianz\desktop\lag-engine\engine_project\source\lag_engine\lag_engine\_interface.cpp(86): note: Types pointed to are unrelated; conversion requires reinterpret_cast, C-style cast or function-style cast
c:\users\lucianz\desktop\lag-engine\engine_project\source\lag_engine\lag_engine\_interface.cpp(84): error C2660: 'TextOutW': function does not take 4 arguments
  c:\program files (x86)\windows kits\10\include\10.0.17763.0\um\wingdi.h(5101): note: see declaration of 'TextOutW'
c:\users\lucianz\desktop\lag-engine\engine_project\source\lag_engine\lag_engine\_interface.cpp(449): error C2664: 'void ATL::CStringT<wchar_t,ATL::StrTraitATL<wchar_t,ATL::ChTraitsCRT<wchar_t>>>::Format(UINT,...)': cannot convert argument 1 from 'const char [3]' to 'const wchar_t *'
  c:\users\lucianz\desktop\lag-engine\engine_project\source\lag_engine\lag_engine\_interface.cpp(449): note: Types pointed to are unrelated; conversion requires reinterpret_cast, C-style cast or function-style cast
c:\users\lucianz\desktop\lag-engine\engine_project\source\lag_engine\lag_engine\_interface.cpp(454): error C2664: 'void ATL::CStringT<wchar_t,ATL::StrTraitATL<wchar_t,ATL::ChTraitsCRT<wchar_t>>>::Format(UINT,...)': cannot convert argument 1 from 'const char [3]' to 'const wchar_t *'
  c:\users\lucianz\desktop\lag-engine\engine_project\source\lag_engine\lag_engine\_interface.cpp(454): note: Types pointed to are unrelated; conversion requires reinterpret_cast, C-style cast or function-style cast
c:\users\lucianz\desktop\lag-engine\engine_project\source\lag_engine\lag_engine\_interface.cpp(460): error C2664: 'void ATL::CStringT<wchar_t,ATL::StrTraitATL<wchar_t,ATL::ChTraitsCRT<wchar_t>>>::Format(UINT,...)': cannot convert argument 1 from 'const char [3]' to 'const wchar_t *'
  c:\users\lucianz\desktop\lag-engine\engine_project\source\lag_engine\lag_engine\_interface.cpp(460): note: Types pointed to are unrelated; conversion requires reinterpret_cast, C-style cast or function-style cast
c:\users\lucianz\desktop\lag-engine\engine_project\source\lag_engine\lag_engine\_interface.cpp(467): error C2664: 'size_t wcslen(const wchar_t *)': cannot convert argument 1 from 'char *' to 'const wchar_t *'
  c:\users\lucianz\desktop\lag-engine\engine_project\source\lag_engine\lag_engine\_interface.cpp(467): note: Types pointed to are unrelated; conversion requires reinterpret_cast, C-style cast or function-style cast
c:\users\lucianz\desktop\lag-engine\engine_project\source\lag_engine\lag_engine\_interface.cpp(465): error C2660: 'TextOutW': function does not take 4 arguments
  c:\program files (x86)\windows kits\10\include\10.0.17763.0\um\wingdi.h(5101): note: see declaration of 'TextOutW'
c:\users\lucianz\desktop\lag-engine\engine_project\source\lag_engine\lag_engine\_interface.cpp(499): error C2440: '=': cannot convert from 'const char [13]' to 'LPCWSTR'
  c:\users\lucianz\desktop\lag-engine\engine_project\source\lag_engine\lag_engine\_interface.cpp(499): note: Types pointed to are unrelated; conversion requires reinterpret_cast, C-style cast or function-style cast
c:\users\lucianz\desktop\lag-engine\engine_project\source\lag_engine\lag_engine\_interface.cpp(505): error C2664: 'int MessageBoxW(HWND,LPCWSTR,LPCWSTR,UINT)': cannot convert argument 2 from 'const char [29]' to 'LPCWSTR'
  c:\users\lucianz\desktop\lag-engine\engine_project\source\lag_engine\lag_engine\_interface.cpp(508): note: Types pointed to are unrelated; conversion requires reinterpret_cast, C-style cast or function-style cast
c:\users\lucianz\desktop\lag-engine\engine_project\source\lag_engine\lag_engine\_interface.cpp(510): error C2664: 'HWND CreateWindowExW(DWORD,LPCWSTR,LPCWSTR,DWORD,int,int,int,int,HWND,HMENU,HINSTANCE,LPVOID)': cannot convert argument 2 from 'const char [13]' to 'LPCWSTR'
  c:\users\lucianz\desktop\lag-engine\engine_project\source\lag_engine\lag_engine\_interface.cpp(521): note: Types pointed to are unrelated; conversion requires reinterpret_cast, C-style cast or function-style cast
c:\users\lucianz\desktop\lag-engine\engine_project\source\lag_engine\lag_engine\_interface.cpp(526): error C2664: 'int MessageBoxW(HWND,LPCWSTR,LPCWSTR,UINT)': cannot convert argument 2 from 'const char [23]' to 'LPCWSTR'
  c:\users\lucianz\desktop\lag-engine\engine_project\source\lag_engine\lag_engine\_interface.cpp(529): note: Types pointed to are unrelated; conversion requires reinterpret_cast, C-style cast or function-style cast
  Generating Code...
