e:\lag-engine-master\source\engineproject\debug\vc141.pdb
e:\lag-engine-master\source\engineproject\debug\vc141.idb
e:\lag-engine-master\source\engineproject\debug\renderingsystem.obj
e:\lag-engine-master\source\engineproject\debug\inputsystem.obj
e:\lag-engine-master\source\engineproject\debug\main.obj
e:\lag-engine-master\source\engineproject\debug\gameengine.obj
e:\lag-engine-master\source\engineproject\debug\mousee.obj
e:\lag-engine-master\source\engineproject\debug\keyboarde.obj
e:\lag-engine-master\source\engineproject\debug\scriptcomponent.obj
e:\lag-engine-master\source\engineproject\debug\visualeffects.obj
e:\lag-engine-master\source\engineproject\debug\renderercomponent.obj
e:\lag-engine-master\source\engineproject\debug\physicscomponent.obj
e:\lag-engine-master\source\engineproject\debug\networkingcomponent.obj
e:\lag-engine-master\source\engineproject\debug\frontend.obj
e:\lag-engine-master\source\engineproject\debug\collisionscomponent.obj
e:\lag-engine-master\source\engineproject\debug\audiocomponent.obj
e:\lag-engine-master\source\engineproject\debug\animationcomponent.obj
e:\lag-engine-master\source\engineproject\debug\maingamecode.obj
e:\lag-engine-master\source\engineproject\debug\handler.obj
e:\lag-engine-master\source\engineproject\debug\actor.obj
e:\lag-engine-master\source\debug\lag-engine.exe
e:\lag-engine-master\source\debug\lag-engine.ilk
e:\lag-engine-master\source\debug\lag-engine.pdb
e:\lag-engine-master\source\engineproject\debug\lag-engine.tlog\cl.command.1.tlog
e:\lag-engine-master\source\engineproject\debug\lag-engine.tlog\cl.read.1.tlog
e:\lag-engine-master\source\engineproject\debug\lag-engine.tlog\cl.write.1.tlog
e:\lag-engine-master\source\engineproject\debug\lag-engine.tlog\link.command.1.tlog
e:\lag-engine-master\source\engineproject\debug\lag-engine.tlog\link.read.1.tlog
e:\lag-engine-master\source\engineproject\debug\lag-engine.tlog\link.write.1.tlog
